\BOOKMARK [1][-]{section.1}{\376\377\000I\000n\000t\000r\000o\000d\000u\000c\000t\000i\000o\000n}{}% 1
\BOOKMARK [1][-]{section.2}{\376\377\000W\000a\000t\000e\000r}{}% 2
\BOOKMARK [2][-]{subsection.2.1}{\376\377\000D\000r\000i\000n\000k\000i\000n\000g\000\040\000\046\000\040\000D\000o\000m\000e\000s\000t\000i\000c}{section.2}% 3
\BOOKMARK [2][-]{subsection.2.2}{\376\377\000I\000r\000r\000i\000g\000a\000t\000i\000o\000n}{section.2}% 4
\BOOKMARK [2][-]{subsection.2.3}{\376\377\000I\000r\000r\000i\000g\000a\000t\000i\000o\000n\000\040\000E\000q\000u\000i\000p\000m\000e\000n\000t\000\040\000\046\000\040\000M\000a\000c\000h\000i\000n\000e\000r\000y\000\040\000\050\000B\000a\000r\000e\000\040\000M\000i\000n\000i\000m\000u\000m\000\051}{section.2}% 5
\BOOKMARK [2][-]{subsection.2.4}{\376\377\000E\000m\000e\000r\000g\000e\000n\000c\000y\000\040\000\046\000\040\000B\000a\000c\000k\000u\000p}{section.2}% 6
\BOOKMARK [1][-]{section.3}{\376\377\000F\000i\000r\000e\000,\000\040\000F\000u\000e\000l\000\040\000\046\000\040\000E\000n\000e\000r\000g\000y}{}% 7
\BOOKMARK [2][-]{subsection.3.1}{\376\377\000C\000o\000o\000k\000i\000n\000g\000\040\000F\000u\000e\000l}{section.3}% 8
\BOOKMARK [2][-]{subsection.3.2}{\376\377\000E\000l\000e\000c\000t\000r\000i\000c\000i\000t\000y}{section.3}% 9
\BOOKMARK [2][-]{subsection.3.3}{\376\377\000M\000e\000c\000h\000a\000n\000i\000c\000a\000l\000\040\000\046\000\040\000P\000r\000o\000d\000u\000c\000t\000i\000v\000e\000\040\000U\000s\000e}{section.3}% 10
\BOOKMARK [2][-]{subsection.3.4}{\376\377\000V\000e\000h\000i\000c\000u\000l\000a\000r\000\040\000\046\000\040\000M\000a\000c\000h\000i\000n\000e\000\040\000F\000u\000e\000l}{section.3}% 11
\BOOKMARK [1][-]{section.4}{\376\377\000F\000o\000o\000d}{}% 12
\BOOKMARK [2][-]{subsection.4.1}{\376\377\000A\000g\000r\000i\000c\000u\000l\000t\000u\000r\000e}{section.4}% 13
\BOOKMARK [2][-]{subsection.4.2}{\376\377\000S\000t\000a\000p\000l\000e\000s}{section.4}% 14
\BOOKMARK [2][-]{subsection.4.3}{\376\377\000V\000e\000g\000e\000t\000a\000b\000l\000e\000s\000,\000\040\000F\000r\000u\000i\000t\000s\000\040\000\046\000\040\000O\000t\000h\000e\000r}{section.4}% 15
\BOOKMARK [2][-]{subsection.4.4}{\376\377\000L\000i\000v\000e\000s\000t\000o\000c\000k}{section.4}% 16
\BOOKMARK [2][-]{subsection.4.5}{\376\377\000S\000t\000o\000r\000a\000g\000e\000\040\000\046\000\040\000P\000r\000o\000c\000e\000s\000s\000i\000n\000g}{section.4}% 17
\BOOKMARK [2][-]{subsection.4.6}{\376\377\000M\000a\000r\000k\000e\000t\000s\000\040\000\046\000\040\000D\000i\000s\000t\000r\000i\000b\000u\000t\000i\000o\000n}{section.4}% 18
\BOOKMARK [2][-]{subsection.4.7}{\376\377\000N\000u\000t\000r\000i\000t\000i\000o\000n\000\040\000\046\000\040\000S\000e\000c\000u\000r\000i\000t\000y}{section.4}% 19
\BOOKMARK [1][-]{section.5}{\376\377\000S\000h\000e\000l\000t\000e\000r\000\040\000\046\000\040\000H\000o\000u\000s\000i\000n\000g}{}% 20
\BOOKMARK [2][-]{subsection.5.1}{\376\377\000C\000o\000n\000s\000t\000r\000u\000c\000t\000i\000o\000n}{section.5}% 21
\BOOKMARK [2][-]{subsection.5.2}{\376\377\000C\000o\000m\000f\000o\000r\000t}{section.5}% 22
\BOOKMARK [2][-]{subsection.5.3}{\376\377\000F\000a\000c\000i\000l\000i\000t\000i\000e\000s}{section.5}% 23
\BOOKMARK [2][-]{subsection.5.4}{\376\377\000R\000e\000s\000e\000t\000t\000l\000e\000m\000e\000n\000t}{section.5}% 24
\BOOKMARK [1][-]{section.6}{\376\377\000C\000l\000o\000t\000h\000i\000n\000g\000\040\000\046\000\040\000T\000e\000x\000t\000i\000l\000e\000s}{}% 25
\BOOKMARK [1][-]{section.7}{\376\377\000T\000r\000a\000n\000s\000p\000o\000r\000t\000a\000t\000i\000o\000n}{}% 26
\BOOKMARK [2][-]{subsection.7.1}{\376\377\000N\000o\000\040\000M\000o\000t\000o\000r\000\040\000R\000o\000a\000d\000s}{section.7}% 27
\BOOKMARK [2][-]{subsection.7.2}{\376\377\000W\000i\000t\000h\000\040\000M\000o\000t\000o\000r\000\040\000R\000o\000a\000d\000s}{section.7}% 28
\BOOKMARK [2][-]{subsection.7.3}{\376\377\000I\000n\000f\000r\000a\000s\000t\000r\000u\000c\000t\000u\000r\000e}{section.7}% 29
\BOOKMARK [1][-]{section.8}{\376\377\000E\000d\000u\000c\000a\000t\000i\000o\000n}{}% 30
\BOOKMARK [2][-]{subsection.8.1}{\376\377\000E\000a\000r\000l\000y\000\040\000C\000h\000i\000l\000d\000h\000o\000o\000d}{section.8}% 31
\BOOKMARK [2][-]{subsection.8.2}{\376\377\000S\000c\000h\000o\000o\000l}{section.8}% 32
\BOOKMARK [2][-]{subsection.8.3}{\376\377\000H\000i\000g\000h\000e\000r\000\040\000\046\000\040\000V\000o\000c\000a\000t\000i\000o\000n\000a\000l}{section.8}% 33
\BOOKMARK [2][-]{subsection.8.4}{\376\377\000A\000d\000u\000l\000t\000\040\000\046\000\040\000N\000o\000n\000-\000F\000o\000r\000m\000a\000l}{section.8}% 34
\BOOKMARK [2][-]{subsection.8.5}{\376\377\000K\000n\000o\000w\000l\000e\000d\000g\000e\000\040\000\046\000\040\000I\000n\000f\000o\000r\000m\000a\000t\000i\000o\000n}{section.8}% 35
\BOOKMARK [1][-]{section.9}{\376\377\000H\000e\000a\000l\000t\000h\000c\000a\000r\000e}{}% 36
\BOOKMARK [2][-]{subsection.9.1}{\376\377\000P\000r\000i\000m\000a\000r\000y}{section.9}% 37
\BOOKMARK [2][-]{subsection.9.2}{\376\377\000H\000o\000s\000p\000i\000t\000a\000l\000\040\000\046\000\040\000R\000e\000f\000e\000r\000r\000a\000l}{section.9}% 38
\BOOKMARK [2][-]{subsection.9.3}{\376\377\000M\000a\000t\000e\000r\000n\000a\000l\000\040\000\046\000\040\000C\000h\000i\000l\000d}{section.9}% 39
\BOOKMARK [2][-]{subsection.9.4}{\376\377\000S\000p\000e\000c\000i\000a\000l\000i\000z\000e\000d}{section.9}% 40
\BOOKMARK [2][-]{subsection.9.5}{\376\377\000T\000r\000a\000d\000i\000t\000i\000o\000n\000a\000l\000\040\000\046\000\040\000A\000l\000t\000e\000r\000n\000a\000t\000i\000v\000e}{section.9}% 41
\BOOKMARK [2][-]{subsection.9.6}{\376\377\000P\000h\000a\000r\000m\000a\000c\000y\000\040\000\046\000\040\000D\000r\000u\000g\000s}{section.9}% 42
\BOOKMARK [1][-]{section.10}{\376\377\000A\000d\000m\000i\000n\000i\000s\000t\000r\000a\000t\000i\000o\000n\000\040\000\046\000\040\000G\000o\000v\000e\000r\000n\000m\000e\000n\000t}{}% 43
\BOOKMARK [2][-]{subsection.10.1}{\376\377\000O\000f\000f\000i\000c\000e\000s}{section.10}% 44
\BOOKMARK [2][-]{subsection.10.2}{\376\377\000D\000o\000c\000u\000m\000e\000n\000t\000a\000t\000i\000o\000n}{section.10}% 45
\BOOKMARK [2][-]{subsection.10.3}{\376\377\000J\000u\000s\000t\000i\000c\000e\000\040\000\046\000\040\000S\000e\000c\000u\000r\000i\000t\000y}{section.10}% 46
\BOOKMARK [2][-]{subsection.10.4}{\376\377\000P\000o\000l\000i\000t\000i\000c\000a\000l\000\040\000\046\000\040\000C\000i\000v\000i\000c}{section.10}% 47
\BOOKMARK [2][-]{subsection.10.5}{\376\377\000P\000r\000o\000g\000r\000a\000m\000s\000\040\000\046\000\040\000S\000e\000r\000v\000i\000c\000e\000s}{section.10}% 48
\BOOKMARK [1][-]{section.11}{\376\377\000C\000o\000m\000m\000u\000n\000i\000c\000a\000t\000i\000o\000n}{}% 49
\BOOKMARK [2][-]{subsection.11.1}{\376\377\000T\000r\000a\000d\000i\000t\000i\000o\000n\000a\000l\000\040\000\046\000\040\000B\000a\000s\000i\000c}{section.11}% 50
\BOOKMARK [2][-]{subsection.11.2}{\376\377\000T\000e\000l\000e\000p\000h\000o\000n\000y}{section.11}% 51
\BOOKMARK [2][-]{subsection.11.3}{\376\377\000I\000n\000t\000e\000r\000n\000e\000t\000\040\000\046\000\040\000D\000i\000g\000i\000t\000a\000l}{section.11}% 52
\BOOKMARK [2][-]{subsection.11.4}{\376\377\000M\000e\000d\000i\000a}{section.11}% 53
\BOOKMARK [1][-]{section.12}{\376\377\000C\000o\000m\000m\000e\000r\000c\000e\000,\000\040\000F\000i\000n\000a\000n\000c\000e\000\040\000\046\000\040\000M\000a\000r\000k\000e\000t\000s}{}% 54
\BOOKMARK [2][-]{subsection.12.1}{\376\377\000M\000a\000r\000k\000e\000t\000s}{section.12}% 55
\BOOKMARK [2][-]{subsection.12.2}{\376\377\000F\000i\000n\000a\000n\000c\000e}{section.12}% 56
\BOOKMARK [2][-]{subsection.12.3}{\376\377\000I\000n\000s\000u\000r\000a\000n\000c\000e}{section.12}% 57
\BOOKMARK [2][-]{subsection.12.4}{\376\377\000C\000o\000o\000p\000e\000r\000a\000t\000i\000v\000e\000s}{section.12}% 58
\BOOKMARK [1][-]{section.13}{\376\377\000S\000a\000n\000i\000t\000a\000t\000i\000o\000n\000\040\000\046\000\040\000W\000a\000s\000t\000e}{}% 59
\BOOKMARK [1][-]{section.14}{\376\377\000S\000o\000c\000i\000a\000l\000,\000\040\000C\000u\000l\000t\000u\000r\000a\000l\000\040\000\046\000\040\000R\000e\000l\000i\000g\000i\000o\000u\000s}{}% 60
\BOOKMARK [1][-]{section.15}{\376\377\000I\000n\000d\000u\000s\000t\000r\000y\000,\000\040\000C\000r\000a\000f\000t\000s\000\040\000\046\000\040\000L\000i\000v\000e\000l\000i\000h\000o\000o\000d}{}% 61
\BOOKMARK [2][-]{subsection.15.1}{\376\377\000C\000o\000t\000t\000a\000g\000e\000\040\000\046\000\040\000H\000a\000n\000d\000i\000c\000r\000a\000f\000t}{section.15}% 62
\BOOKMARK [2][-]{subsection.15.2}{\376\377\000P\000r\000o\000c\000e\000s\000s\000i\000n\000g\000\040\000\046\000\040\000M\000a\000n\000u\000f\000a\000c\000t\000u\000r\000i\000n\000g}{section.15}% 63
\BOOKMARK [2][-]{subsection.15.3}{\376\377\000L\000i\000v\000e\000l\000i\000h\000o\000o\000d}{section.15}% 64
\BOOKMARK [1][-]{section.16}{\376\377\000E\000n\000v\000i\000r\000o\000n\000m\000e\000n\000t\000\040\000\046\000\040\000N\000a\000t\000u\000r\000a\000l\000\040\000R\000e\000s\000o\000u\000r\000c\000e\000s}{}% 65
\BOOKMARK [1][-]{section.17}{\376\377\000R\000e\000s\000o\000u\000r\000c\000e\000\040\000C\000o\000n\000s\000e\000r\000v\000a\000t\000i\000o\000n}{}% 66
\BOOKMARK [2][-]{subsection.17.1}{\376\377\000F\000o\000o\000d\000\040\000C\000o\000n\000s\000e\000r\000v\000a\000t\000i\000o\000n}{section.17}% 67
\BOOKMARK [2][-]{subsection.17.2}{\376\377\000E\000n\000e\000r\000g\000y\000\040\000C\000o\000n\000s\000e\000r\000v\000a\000t\000i\000o\000n}{section.17}% 68
\BOOKMARK [2][-]{subsection.17.3}{\376\377\000W\000a\000t\000e\000r\000\040\000C\000o\000n\000s\000e\000r\000v\000a\000t\000i\000o\000n}{section.17}% 69
\BOOKMARK [2][-]{subsection.17.4}{\376\377\000M\000a\000t\000e\000r\000i\000a\000l\000\040\000\046\000\040\000O\000t\000h\000e\000r\000\040\000R\000e\000s\000o\000u\000r\000c\000e\000\040\000C\000o\000n\000s\000e\000r\000v\000a\000t\000i\000o\000n}{section.17}% 70
\BOOKMARK [2][-]{subsection.17.5}{\376\377\000C\000o\000m\000m\000u\000n\000i\000t\000y\000-\000L\000e\000v\000e\000l\000\040\000C\000o\000n\000s\000e\000r\000v\000a\000t\000i\000o\000n}{section.17}% 71
\BOOKMARK [1][-]{section.18}{\376\377\000S\000e\000c\000u\000r\000i\000t\000y\000\040\000\046\000\040\000E\000m\000e\000r\000g\000e\000n\000c\000y}{}% 72
\BOOKMARK [1][-]{section.19}{\376\377\000V\000u\000l\000n\000e\000r\000a\000b\000l\000e\000\040\000G\000r\000o\000u\000p\000s\000\040\000\046\000\040\000S\000o\000c\000i\000a\000l\000\040\000P\000r\000o\000t\000e\000c\000t\000i\000o\000n}{}% 73
\BOOKMARK [1][-]{section.20}{\376\377\000T\000e\000c\000h\000n\000o\000l\000o\000g\000y\000\040\000\046\000\040\000R\000e\000p\000a\000i\000r}{}% 74
\BOOKMARK [1][-]{section.21}{\376\377\000P\000u\000b\000l\000i\000c\000\040\000I\000n\000f\000r\000a\000s\000t\000r\000u\000c\000t\000u\000r\000e}{}% 75
\BOOKMARK [1][-]{section.22}{\376\377\000L\000e\000g\000a\000l\000\040\000\046\000\040\000R\000i\000g\000h\000t\000s}{}% 76
\BOOKMARK [1][-]{section.23}{\376\377\000I\000d\000e\000n\000t\000i\000t\000y\000\040\000\046\000\040\000B\000e\000l\000o\000n\000g\000i\000n\000g}{}% 77
\BOOKMARK [1][-]{section.24}{\376\377\0001\0000\0000\000\045\000\040\000F\000u\000l\000l\000y\000\040\000I\000n\000d\000e\000p\000e\000n\000d\000e\000n\000t\000\040\000V\000i\000l\000l\000a\000g\000e\000:\000\040\000C\000o\000m\000p\000l\000e\000t\000e\000\040\000S\000e\000l\000f\000-\000S\000u\000f\000f\000i\000c\000i\000e\000n\000c\000y\000\040\000C\000h\000e\000c\000k\000l\000i\000s\000t}{}% 78
\BOOKMARK [2][-]{subsection.24.1}{\376\377\000W\000a\000t\000e\000r\000\040\000I\000n\000d\000e\000p\000e\000n\000d\000e\000n\000c\000e}{section.24}% 79
\BOOKMARK [2][-]{subsection.24.2}{\376\377\000E\000n\000e\000r\000g\000y\000\040\000I\000n\000d\000e\000p\000e\000n\000d\000e\000n\000c\000e}{section.24}% 80
\BOOKMARK [2][-]{subsection.24.3}{\376\377\000F\000o\000o\000d\000\040\000I\000n\000d\000e\000p\000e\000n\000d\000e\000n\000c\000e}{section.24}% 81
\BOOKMARK [2][-]{subsection.24.4}{\376\377\000S\000h\000e\000l\000t\000e\000r\000\040\000I\000n\000d\000e\000p\000e\000n\000d\000e\000n\000c\000e}{section.24}% 82
\BOOKMARK [2][-]{subsection.24.5}{\376\377\000C\000l\000o\000t\000h\000i\000n\000g\000\040\000\046\000\040\000T\000e\000x\000t\000i\000l\000e\000\040\000I\000n\000d\000e\000p\000e\000n\000d\000e\000n\000c\000e}{section.24}% 83
\BOOKMARK [2][-]{subsection.24.6}{\376\377\000T\000r\000a\000n\000s\000p\000o\000r\000t\000\040\000I\000n\000d\000e\000p\000e\000n\000d\000e\000n\000c\000e\000\040\000\050\000I\000n\000t\000e\000r\000n\000a\000l\000\051}{section.24}% 84
\BOOKMARK [2][-]{subsection.24.7}{\376\377\000E\000d\000u\000c\000a\000t\000i\000o\000n\000\040\000I\000n\000d\000e\000p\000e\000n\000d\000e\000n\000c\000e}{section.24}% 85
\BOOKMARK [2][-]{subsection.24.8}{\376\377\000H\000e\000a\000l\000t\000h\000c\000a\000r\000e\000\040\000I\000n\000d\000e\000p\000e\000n\000d\000e\000n\000c\000e}{section.24}% 86
\BOOKMARK [2][-]{subsection.24.9}{\376\377\000G\000o\000v\000e\000r\000n\000a\000n\000c\000e\000\040\000\046\000\040\000A\000d\000m\000i\000n\000i\000s\000t\000r\000a\000t\000i\000o\000n\000\040\000I\000n\000d\000e\000p\000e\000n\000d\000e\000n\000c\000e}{section.24}% 87
\BOOKMARK [2][-]{subsection.24.10}{\376\377\000J\000u\000s\000t\000i\000c\000e\000\040\000\046\000\040\000S\000e\000c\000u\000r\000i\000t\000y\000\040\000I\000n\000d\000e\000p\000e\000n\000d\000e\000n\000c\000e}{section.24}% 88
\BOOKMARK [2][-]{subsection.24.11}{\376\377\000C\000o\000m\000m\000u\000n\000i\000c\000a\000t\000i\000o\000n\000\040\000I\000n\000d\000e\000p\000e\000n\000d\000e\000n\000c\000e}{section.24}% 89
\BOOKMARK [2][-]{subsection.24.12}{\376\377\000C\000o\000m\000m\000e\000r\000c\000e\000\040\000\046\000\040\000F\000i\000n\000a\000n\000c\000e\000\040\000I\000n\000d\000e\000p\000e\000n\000d\000e\000n\000c\000e}{section.24}% 90
\BOOKMARK [2][-]{subsection.24.13}{\376\377\000S\000a\000n\000i\000t\000a\000t\000i\000o\000n\000\040\000\046\000\040\000W\000a\000s\000t\000e\000\040\000I\000n\000d\000e\000p\000e\000n\000d\000e\000n\000c\000e}{section.24}% 91
\BOOKMARK [2][-]{subsection.24.14}{\376\377\000I\000n\000d\000u\000s\000t\000r\000y\000,\000\040\000C\000r\000a\000f\000t\000\040\000\046\000\040\000R\000e\000p\000a\000i\000r\000\040\000I\000n\000d\000e\000p\000e\000n\000d\000e\000n\000c\000e}{section.24}% 92
\BOOKMARK [2][-]{subsection.24.15}{\376\377\000R\000a\000w\000\040\000M\000a\000t\000e\000r\000i\000a\000l\000s\000\040\000\046\000\040\000H\000a\000r\000d\000\040\000D\000e\000p\000e\000n\000d\000e\000n\000c\000i\000e\000s}{section.24}% 93
\BOOKMARK [2][-]{subsection.24.16}{\376\377\000P\000o\000p\000u\000l\000a\000t\000i\000o\000n\000\040\000\046\000\040\000D\000e\000m\000o\000g\000r\000a\000p\000h\000i\000c\000s}{section.24}% 94
\BOOKMARK [2][-]{subsection.24.17}{\376\377\000S\000o\000c\000i\000a\000l\000,\000\040\000C\000u\000l\000t\000u\000r\000a\000l\000\040\000\046\000\040\000R\000e\000l\000i\000g\000i\000o\000u\000s}{section.24}% 95
\BOOKMARK [2][-]{subsection.24.18}{\376\377\000E\000n\000v\000i\000r\000o\000n\000m\000e\000n\000t\000\040\000\046\000\040\000S\000u\000s\000t\000a\000i\000n\000a\000b\000i\000l\000i\000t\000y}{section.24}% 96
\BOOKMARK [2][-]{subsection.24.19}{\376\377\000T\000i\000m\000e\000,\000\040\000C\000a\000l\000e\000n\000d\000a\000r\000\040\000\046\000\040\000M\000e\000a\000s\000u\000r\000e\000m\000e\000n\000t}{section.24}% 97
\BOOKMARK [2][-]{subsection.24.20}{\376\377\000S\000u\000r\000p\000l\000u\000s\000,\000\040\000B\000u\000f\000f\000e\000r\000\040\000\046\000\040\000R\000i\000s\000k}{section.24}% 98
\BOOKMARK [2][-]{subsection.24.21}{\376\377\000G\000e\000o\000g\000r\000a\000p\000h\000i\000c\000\040\000\046\000\040\000R\000e\000s\000o\000u\000r\000c\000e\000\040\000R\000e\000a\000l\000i\000t\000y}{section.24}% 99
\BOOKMARK [2][-]{subsection.24.22}{\376\377\000S\000k\000i\000l\000l\000\040\000R\000e\000d\000u\000n\000d\000a\000n\000c\000y\000\040\000\046\000\040\000S\000u\000c\000c\000e\000s\000s\000i\000o\000n}{section.24}% 100
\BOOKMARK [2][-]{subsection.24.23}{\376\377\000D\000e\000a\000t\000h\000,\000\040\000R\000i\000t\000u\000a\000l\000\040\000\046\000\040\000C\000o\000n\000t\000i\000n\000u\000i\000t\000y}{section.24}% 101
\BOOKMARK [2][-]{subsection.24.24}{\376\377\000C\000o\000n\000f\000l\000i\000c\000t\000,\000\040\000C\000r\000i\000m\000e\000\040\000\046\000\040\000P\000u\000n\000i\000s\000h\000m\000e\000n\000t}{section.24}% 102
\BOOKMARK [2][-]{subsection.24.25}{\376\377\000D\000e\000f\000e\000n\000s\000e\000\040\000\046\000\040\000E\000x\000t\000e\000r\000n\000a\000l\000\040\000T\000h\000r\000e\000a\000t}{section.24}% 103
\BOOKMARK [2][-]{subsection.24.26}{\376\377\000H\000e\000a\000l\000t\000h\000c\000a\000r\000e\000:\000\040\000T\000h\000e\000\040\000L\000i\000m\000i\000t\000s}{section.24}% 104
\BOOKMARK [2][-]{subsection.24.27}{\376\377\000P\000o\000p\000u\000l\000a\000t\000i\000o\000n\000\040\000\046\000\040\000D\000e\000m\000o\000g\000r\000a\000p\000h\000i\000c\000s\000:\000\040\000T\000h\000e\000\040\000N\000u\000m\000b\000e\000r\000s}{section.24}% 105
\BOOKMARK [2][-]{subsection.24.28}{\376\377\000S\000o\000c\000i\000a\000l\000\040\000O\000b\000l\000i\000g\000a\000t\000i\000o\000n\000\040\000\046\000\040\000R\000e\000c\000i\000p\000r\000o\000c\000i\000t\000y}{section.24}% 106
\BOOKMARK [2][-]{subsection.24.29}{\376\377\000D\000i\000v\000i\000s\000i\000o\000n\000\040\000o\000f\000\040\000L\000a\000b\000o\000r\000:\000\040\000C\000a\000s\000t\000e\000,\000\040\000G\000e\000n\000d\000e\000r}{section.24}% 107
\BOOKMARK [2][-]{subsection.24.30}{\376\377\000C\000h\000i\000l\000d\000c\000a\000r\000e\000,\000\040\000E\000l\000d\000e\000r\000l\000y\000\040\000\046\000\040\000D\000i\000s\000a\000b\000i\000l\000i\000t\000y}{section.24}% 108
\BOOKMARK [2][-]{subsection.24.31}{\376\377\000S\000t\000o\000r\000a\000g\000e\000\040\000\046\000\040\000P\000r\000e\000s\000e\000r\000v\000a\000t\000i\000o\000n}{section.24}% 109
\BOOKMARK [2][-]{subsection.24.32}{\376\377\000P\000o\000l\000l\000u\000t\000i\000o\000n\000\040\000\046\000\040\000W\000a\000s\000t\000e}{section.24}% 110
\BOOKMARK [2][-]{subsection.24.33}{\376\377\000B\000e\000a\000u\000t\000y\000,\000\040\000M\000e\000a\000n\000i\000n\000g\000\040\000\046\000\040\000S\000p\000i\000r\000i\000t}{section.24}% 111
\BOOKMARK [2][-]{subsection.24.34}{\376\377\000T\000h\000e\000\040\000H\000a\000r\000d\000\040\000T\000r\000u\000t\000h\000s}{section.24}% 112
\BOOKMARK [2][-]{subsection.24.35}{\376\377\000S\000u\000m\000m\000a\000r\000y\000:\000\040\000I\000n\000d\000e\000p\000e\000n\000d\000e\000n\000c\000e\000\040\000v\000s\000.\000\040\000R\000e\000a\000l\000i\000t\000y}{section.24}% 113
\BOOKMARK [1][-]{section.25}{\376\377\000S\000u\000m\000m\000a\000r\000y\000:\000\040\000T\000h\000e\000\040\000C\000o\000n\000t\000i\000n\000u\000u\000m}{}% 114
\BOOKMARK [1][-]{section.26}{\376\377\000R\000e\000f\000e\000r\000e\000n\000c\000e\000s\000\040\000a\000n\000d\000\040\000F\000u\000r\000t\000h\000e\000r\000\040\000R\000e\000a\000d\000i\000n\000g}{}% 115
\BOOKMARK [2][-]{subsection.26.1}{\376\377\000I\000n\000f\000r\000a\000s\000t\000r\000u\000c\000t\000u\000r\000e\000\040\000\046\000\040\000W\000e\000l\000l\000b\000e\000i\000n\000g}{section.26}% 116
\BOOKMARK [2][-]{subsection.26.2}{\376\377\000W\000a\000t\000e\000r\000\040\000\046\000\040\000I\000r\000r\000i\000g\000a\000t\000i\000o\000n}{section.26}% 117
\BOOKMARK [2][-]{subsection.26.3}{\376\377\000F\000o\000o\000d\000\040\000S\000e\000c\000u\000r\000i\000t\000y\000\040\000\046\000\040\000P\000o\000s\000t\000-\000H\000a\000r\000v\000e\000s\000t}{section.26}% 118
\BOOKMARK [2][-]{subsection.26.4}{\376\377\000E\000n\000e\000r\000g\000y}{section.26}% 119
\BOOKMARK [2][-]{subsection.26.5}{\376\377\000H\000e\000a\000l\000t\000h\000\040\000\046\000\040\000E\000d\000u\000c\000a\000t\000i\000o\000n}{section.26}% 120
\BOOKMARK [2][-]{subsection.26.6}{\376\377\000R\000u\000r\000a\000l\000\040\000D\000e\000v\000e\000l\000o\000p\000m\000e\000n\000t\000\040\000\046\000\040\000T\000r\000a\000n\000s\000p\000o\000r\000t}{section.26}% 121
